2017-08-18 17:21:52[][main] INFO [com.hlj.log4j.Log4jTest] info
2017-08-18 17:21:52[][main] ERROR [com.hlj.log4j.Log4jTest] error
2017-08-18 17:21:52[][main] DEBUG [com.hlj.log4j.Log4jTest] debug
2017-08-18 17:21:52[][main] WARN [com.hlj.log4j.Log4jTest] warn
2017-08-20 19:16:01[][main] INFO [com.hlj.xml.XmlEntry] {classPersonNum=classPersonNum, name=name, peoples=persons, xuexiao=school, persons=persons, banji=class, sex=sex, salary=salary, age=age, people=person}
2017-08-20 19:16:36[][main] INFO [com.hlj.xml.XmlEntry] {classPersonNum=classPersonNum, name=name, peoples=persons, xuexiao=school, persons=persons, banji=class, sex=sex, salary=salary, age=age, people=person}
2017-08-31 14:28:34[][main] DEBUG [freemarker.cache] Could not find template in cache, creating new one; id=[E:/workspace/JavaWorkspace/CompanyOffer/bin/com/hlj/xml/CreateXmlByVmFile.vm[zh_CN,GBK,parsed] ]
2017-08-31 14:29:36[][main] DEBUG [freemarker.cache] Could not find template in cache, creating new one; id=[E:/workspace/JavaWorkspace/CompanyOffer/bin/com/hlj/xml/CreateXmlByVmFile.vm[zh_CN,GBK,parsed] ]
2017-08-31 14:30:19[][main] DEBUG [freemarker.cache] Could not find template in cache, creating new one; id=[E:\workspace\JavaWorkspace\CompanyOffer\bin\com\hlj\xml\CreateXmlByVmFile.vm[zh_CN,GBK,parsed] ]
2017-08-31 14:39:04[][main] DEBUG [freemarker.cache] Could not find template in cache, creating new one; id=[E:\workspace\JavaWorkspace\CompanyOffer\bin\com\hlj\xml\CreateXmlByVmFile.vm[zh_CN,GBK,parsed] ]
2017-08-31 14:46:43[][main] DEBUG [freemarker.cache] Could not find template in cache, creating new one; id=[E:\workspace\JavaWorkspace\CompanyOffer\bin\com\hlj\xml\CreateXmlByVmFile.vm[zh_CN,GBK,parsed] ]
2017-08-31 14:51:08[][main] DEBUG [freemarker.cache] Could not find template in cache, creating new one; id=[E:/workspace/JavaWorkspace/CompanyOffer/bin/com/hlj/xml/CreateXmlByVmFile.vm[zh_CN,GBK,parsed] ]
2017-08-31 14:54:00[][main] DEBUG [freemarker.cache] Could not find template in cache, creating new one; id=[E:/workspace/JavaWorkspace/CompanyOffer/bin/com/hlj/xml/CreateXmlByVmFile.vm[zh_CN,GBK,parsed] ]
2017-08-31 14:54:33[][main] DEBUG [freemarker.cache] Could not find template in cache, creating new one; id=[E://workspace//JavaWorkspace//CompanyOffer//bin//com//hlj//xml//CreateXmlByVmFile.vm[zh_CN,GBK,parsed] ]
2017-08-31 14:54:52[][main] DEBUG [freemarker.cache] Could not find template in cache, creating new one; id=[E://workspace//JavaWorkspace//CompanyOffer//bin//com//hlj//xml//CreateXmlByVmFile.vm[zh_CN,GBK,parsed] ]
2017-08-31 14:55:26[][main] DEBUG [freemarker.cache] Could not find template in cache, creating new one; id=[E:\workspace\JavaWorkspace\CompanyOffer\bin\com\hlj\xml\CreateXmlByVmFile.vm[zh_CN,GBK,parsed] ]
2017-08-31 15:04:47[][main] DEBUG [freemarker.cache] Could not find template in cache, creating new one; id=[E:\workspace\JavaWorkspace\CompanyOffer\bin\com\hlj\xml\CreateXmlByVmFile.vm[zh_CN,GBK,parsed] ]
2017-08-31 15:12:10[][main] DEBUG [freemarker.cache] Could not find template in cache, creating new one; id=[E:\workspace\JavaWorkspace\CompanyOffer\bin\com\hlj\xml\CreateXmlByVmFile.vm[zh_CN,GBK,parsed] ]
2017-08-31 15:13:06[][main] DEBUG [freemarker.cache] Could not find template in cache, creating new one; id=[E:\workspace\JavaWorkspace\CompanyOffer\bin\com\hlj\xml\CreateXmlByVmFile.vm[zh_CN,GBK,parsed] ]
2017-08-31 15:16:26[][main] DEBUG [freemarker.cache] Could not find template in cache, creating new one; id=[E:\workspace\JavaWorkspace\CompanyOffer\bin\com\hlj\xml\CreateXmlByVmFile.vm[zh_CN,utf-8,parsed] ]
2017-08-31 15:17:21[][main] DEBUG [freemarker.cache] Could not find template in cache, creating new one; id=[CreateXmlByVmFile.vm[zh_CN,gbk,parsed] ]
2017-08-31 15:17:22[][main] DEBUG [freemarker.cache] Compiling FreeMarker template CreateXmlByVmFile.vm[zh_CN,gbk,parsed]  from file:/E:/workspace/JavaWorkspace/CompanyOffer/bin/com/hlj/xml/CreateXmlByVmFile.vm
2017-08-31 15:17:22[][main] ERROR [freemarker.runtime] Expression ref is undefined on line 5, column 24 in CreateXmlByVmFile.vm.

Expression ref is undefined on line 5, column 24 in CreateXmlByVmFile.vm.
The problematic instruction:
----------
==> ${ref} [on line 5, column 22 in CreateXmlByVmFile.vm]
----------

Java backtrace for programmers:
----------
freemarker.core.InvalidReferenceException: Expression ref is undefined on line 5, column 24 in CreateXmlByVmFile.vm.
	at freemarker.core.TemplateObject.assertNonNull(TemplateObject.java:124)
	at freemarker.core.Expression.getStringValue(Expression.java:118)
	at freemarker.core.Expression.getStringValue(Expression.java:93)
	at freemarker.core.DollarVariable.accept(DollarVariable.java:76)
	at freemarker.core.Environment.visit(Environment.java:210)
	at freemarker.core.MixedContent.accept(MixedContent.java:92)
	at freemarker.core.Environment.visit(Environment.java:210)
	at freemarker.core.Environment.process(Environment.java:190)
	at freemarker.template.Template.process(Template.java:237)
	at com.hlj.xml.ObjectToXmlUtil.createXmlFile(ObjectToXmlUtil.java:59)
	at com.hlj.xml.ObjectToXmlUtil.main(ObjectToXmlUtil.java:80)
2017-08-31 15:18:10[][main] DEBUG [freemarker.cache] Could not find template in cache, creating new one; id=[testForxml.xml[zh_CN,gbk,parsed] ]
2017-08-31 15:18:10[][main] DEBUG [freemarker.cache] Compiling FreeMarker template testForxml.xml[zh_CN,gbk,parsed]  from file:/E:/workspace/JavaWorkspace/CompanyOffer/bin/com/hlj/xml/testForxml.xml
2017-08-31 15:18:10[][main] ERROR [freemarker.runtime] Expression t is undefined on line 4, column 17 in testForxml.xml.

Expression t is undefined on line 4, column 17 in testForxml.xml.
The problematic instruction:
----------
==> ${t.name} [on line 4, column 15 in testForxml.xml]
----------

Java backtrace for programmers:
----------
freemarker.core.InvalidReferenceException: Expression t is undefined on line 4, column 17 in testForxml.xml.
	at freemarker.core.TemplateObject.assertNonNull(TemplateObject.java:124)
	at freemarker.core.TemplateObject.invalidTypeException(TemplateObject.java:134)
	at freemarker.core.Dot._getAsTemplateModel(Dot.java:78)
	at freemarker.core.Expression.getAsTemplateModel(Expression.java:89)
	at freemarker.core.Expression.getStringValue(Expression.java:93)
	at freemarker.core.DollarVariable.accept(DollarVariable.java:76)
	at freemarker.core.Environment.visit(Environment.java:210)
	at freemarker.core.MixedContent.accept(MixedContent.java:92)
	at freemarker.core.Environment.visit(Environment.java:210)
	at freemarker.core.Environment.process(Environment.java:190)
	at freemarker.template.Template.process(Template.java:237)
	at com.hlj.xml.ObjectToXmlUtil.createXmlFile(ObjectToXmlUtil.java:59)
	at com.hlj.xml.ObjectToXmlUtil.main(ObjectToXmlUtil.java:80)
2017-08-31 15:18:54[][main] DEBUG [freemarker.cache] Could not find template in cache, creating new one; id=[testForxml.xml[zh_CN,gbk,parsed] ]
2017-08-31 15:18:54[][main] DEBUG [freemarker.cache] Compiling FreeMarker template testForxml.xml[zh_CN,gbk,parsed]  from file:/E:/workspace/JavaWorkspace/CompanyOffer/bin/com/hlj/xml/testForxml.xml
2017-08-31 15:18:54[][main] ERROR [freemarker.runtime] Expression age is undefined on line 5, column 16 in testForxml.xml.

Expression age is undefined on line 5, column 16 in testForxml.xml.
The problematic instruction:
----------
==> ${age} [on line 5, column 14 in testForxml.xml]
----------

Java backtrace for programmers:
----------
freemarker.core.InvalidReferenceException: Expression age is undefined on line 5, column 16 in testForxml.xml.
	at freemarker.core.TemplateObject.assertNonNull(TemplateObject.java:124)
	at freemarker.core.Expression.getStringValue(Expression.java:118)
	at freemarker.core.Expression.getStringValue(Expression.java:93)
	at freemarker.core.DollarVariable.accept(DollarVariable.java:76)
	at freemarker.core.Environment.visit(Environment.java:210)
	at freemarker.core.MixedContent.accept(MixedContent.java:92)
	at freemarker.core.Environment.visit(Environment.java:210)
	at freemarker.core.Environment.process(Environment.java:190)
	at freemarker.template.Template.process(Template.java:237)
	at com.hlj.xml.ObjectToXmlUtil.createXmlFile(ObjectToXmlUtil.java:59)
	at com.hlj.xml.ObjectToXmlUtil.main(ObjectToXmlUtil.java:80)
2017-08-31 15:23:19[][main] DEBUG [freemarker.cache] Could not find template in cache, creating new one; id=[testForxml.xml[zh_CN,gbk,parsed] ]
2017-08-31 15:23:19[][main] DEBUG [freemarker.cache] Compiling FreeMarker template testForxml.xml[zh_CN,gbk,parsed]  from file:/E:/workspace/JavaWorkspace/CompanyOffer/bin/com/hlj/xml/testForxml.xml
2017-08-31 15:23:19[][main] ERROR [freemarker.runtime] Expression x is undefined on line 4, column 17 in testForxml.xml.

Expression x is undefined on line 4, column 17 in testForxml.xml.
The problematic instruction:
----------
==> ${x.person} [on line 4, column 15 in testForxml.xml]
----------

Java backtrace for programmers:
----------
freemarker.core.InvalidReferenceException: Expression x is undefined on line 4, column 17 in testForxml.xml.
	at freemarker.core.TemplateObject.assertNonNull(TemplateObject.java:124)
	at freemarker.core.TemplateObject.invalidTypeException(TemplateObject.java:134)
	at freemarker.core.Dot._getAsTemplateModel(Dot.java:78)
	at freemarker.core.Expression.getAsTemplateModel(Expression.java:89)
	at freemarker.core.Expression.getStringValue(Expression.java:93)
	at freemarker.core.DollarVariable.accept(DollarVariable.java:76)
	at freemarker.core.Environment.visit(Environment.java:210)
	at freemarker.core.MixedContent.accept(MixedContent.java:92)
	at freemarker.core.Environment.visit(Environment.java:210)
	at freemarker.core.Environment.process(Environment.java:190)
	at freemarker.template.Template.process(Template.java:237)
	at com.hlj.xml.ObjectToXmlUtil.createXmlFile(ObjectToXmlUtil.java:59)
	at com.hlj.xml.ObjectToXmlUtil.main(ObjectToXmlUtil.java:80)
2017-08-31 15:24:52[][main] DEBUG [freemarker.cache] Could not find template in cache, creating new one; id=[testForxml.xml[zh_CN,gbk,parsed] ]
2017-08-31 15:24:52[][main] DEBUG [freemarker.cache] Compiling FreeMarker template testForxml.xml[zh_CN,gbk,parsed]  from file:/E:/workspace/JavaWorkspace/CompanyOffer/bin/com/hlj/xml/testForxml.xml
2017-08-31 15:24:52[][main] ERROR [freemarker.runtime] Expression x is undefined on line 4, column 19 in testForxml.xml.

Expression x is undefined on line 4, column 19 in testForxml.xml.
The problematic instruction:
----------
==> ${x.person} [on line 4, column 17 in testForxml.xml]
----------

Java backtrace for programmers:
----------
freemarker.core.InvalidReferenceException: Expression x is undefined on line 4, column 19 in testForxml.xml.
	at freemarker.core.TemplateObject.assertNonNull(TemplateObject.java:124)
	at freemarker.core.TemplateObject.invalidTypeException(TemplateObject.java:134)
	at freemarker.core.Dot._getAsTemplateModel(Dot.java:78)
	at freemarker.core.Expression.getAsTemplateModel(Expression.java:89)
	at freemarker.core.Expression.getStringValue(Expression.java:93)
	at freemarker.core.DollarVariable.accept(DollarVariable.java:76)
	at freemarker.core.Environment.visit(Environment.java:210)
	at freemarker.core.MixedContent.accept(MixedContent.java:92)
	at freemarker.core.Environment.visit(Environment.java:210)
	at freemarker.core.Environment.process(Environment.java:190)
	at freemarker.template.Template.process(Template.java:237)
	at com.hlj.xml.ObjectToXmlUtil.createXmlFile(ObjectToXmlUtil.java:59)
	at com.hlj.xml.ObjectToXmlUtil.main(ObjectToXmlUtil.java:80)
2017-08-31 15:25:28[][main] DEBUG [freemarker.cache] Could not find template in cache, creating new one; id=[testForxml.xml[zh_CN,utf-8,parsed] ]
2017-08-31 15:25:28[][main] DEBUG [freemarker.cache] Compiling FreeMarker template testForxml.xml[zh_CN,utf-8,parsed]  from file:/E:/workspace/JavaWorkspace/CompanyOffer/bin/com/hlj/xml/testForxml.xml
2017-08-31 15:25:28[][main] ERROR [freemarker.runtime] Expression x is undefined on line 4, column 19 in testForxml.xml.

Expression x is undefined on line 4, column 19 in testForxml.xml.
The problematic instruction:
----------
==> ${x.person} [on line 4, column 17 in testForxml.xml]
----------

Java backtrace for programmers:
----------
freemarker.core.InvalidReferenceException: Expression x is undefined on line 4, column 19 in testForxml.xml.
	at freemarker.core.TemplateObject.assertNonNull(TemplateObject.java:124)
	at freemarker.core.TemplateObject.invalidTypeException(TemplateObject.java:134)
	at freemarker.core.Dot._getAsTemplateModel(Dot.java:78)
	at freemarker.core.Expression.getAsTemplateModel(Expression.java:89)
	at freemarker.core.Expression.getStringValue(Expression.java:93)
	at freemarker.core.DollarVariable.accept(DollarVariable.java:76)
	at freemarker.core.Environment.visit(Environment.java:210)
	at freemarker.core.MixedContent.accept(MixedContent.java:92)
	at freemarker.core.Environment.visit(Environment.java:210)
	at freemarker.core.Environment.process(Environment.java:190)
	at freemarker.template.Template.process(Template.java:237)
	at com.hlj.xml.ObjectToXmlUtil.createXmlFile(ObjectToXmlUtil.java:59)
	at com.hlj.xml.ObjectToXmlUtil.main(ObjectToXmlUtil.java:80)
2017-08-31 15:25:50[][main] DEBUG [freemarker.cache] Could not find template in cache, creating new one; id=[testForxml.xml[zh_CN,utf-8,parsed] ]
2017-08-31 15:25:50[][main] DEBUG [freemarker.cache] Compiling FreeMarker template testForxml.xml[zh_CN,utf-8,parsed]  from file:/E:/workspace/JavaWorkspace/CompanyOffer/bin/com/hlj/xml/testForxml.xml
2017-08-31 15:25:50[][main] ERROR [freemarker.runtime] Expression x.name is undefined on line 6, column 17 in testForxml.xml.

Expression x.name is undefined on line 6, column 17 in testForxml.xml.
The problematic instruction:
----------
==> ${x.name} [on line 6, column 15 in testForxml.xml]
----------

Java backtrace for programmers:
----------
freemarker.core.InvalidReferenceException: Expression x.name is undefined on line 6, column 17 in testForxml.xml.
	at freemarker.core.TemplateObject.assertNonNull(TemplateObject.java:124)
	at freemarker.core.Expression.getStringValue(Expression.java:118)
	at freemarker.core.Expression.getStringValue(Expression.java:93)
	at freemarker.core.DollarVariable.accept(DollarVariable.java:76)
	at freemarker.core.Environment.visit(Environment.java:210)
	at freemarker.core.MixedContent.accept(MixedContent.java:92)
	at freemarker.core.Environment.visit(Environment.java:210)
	at freemarker.core.Environment.process(Environment.java:190)
	at freemarker.template.Template.process(Template.java:237)
	at com.hlj.xml.ObjectToXmlUtil.createXmlFile(ObjectToXmlUtil.java:59)
	at com.hlj.xml.ObjectToXmlUtil.main(ObjectToXmlUtil.java:80)
2017-08-31 15:26:33[][main] DEBUG [freemarker.cache] Could not find template in cache, creating new one; id=[testForxml.xml[zh_CN,utf-8,parsed] ]
2017-08-31 15:26:33[][main] DEBUG [freemarker.cache] Compiling FreeMarker template testForxml.xml[zh_CN,utf-8,parsed]  from file:/E:/workspace/JavaWorkspace/CompanyOffer/bin/com/hlj/xml/testForxml.xml
2017-08-31 15:26:33[][main] ERROR [freemarker.runtime] Expression x.name is undefined on line 6, column 17 in testForxml.xml.

Expression x.name is undefined on line 6, column 17 in testForxml.xml.
The problematic instruction:
----------
==> ${x.name} [on line 6, column 15 in testForxml.xml]
----------

Java backtrace for programmers:
----------
freemarker.core.InvalidReferenceException: Expression x.name is undefined on line 6, column 17 in testForxml.xml.
	at freemarker.core.TemplateObject.assertNonNull(TemplateObject.java:124)
	at freemarker.core.Expression.getStringValue(Expression.java:118)
	at freemarker.core.Expression.getStringValue(Expression.java:93)
	at freemarker.core.DollarVariable.accept(DollarVariable.java:76)
	at freemarker.core.Environment.visit(Environment.java:210)
	at freemarker.core.MixedContent.accept(MixedContent.java:92)
	at freemarker.core.Environment.visit(Environment.java:210)
	at freemarker.core.Environment.process(Environment.java:190)
	at freemarker.template.Template.process(Template.java:237)
	at com.hlj.xml.ObjectToXmlUtil.createXmlFile(ObjectToXmlUtil.java:59)
	at com.hlj.xml.ObjectToXmlUtil.main(ObjectToXmlUtil.java:80)
2017-08-31 15:27:35[][main] DEBUG [freemarker.cache] Could not find template in cache, creating new one; id=[testForxml.xml[zh_CN,utf-8,parsed] ]
2017-08-31 15:27:35[][main] DEBUG [freemarker.cache] Compiling FreeMarker template testForxml.xml[zh_CN,utf-8,parsed]  from file:/E:/workspace/JavaWorkspace/CompanyOffer/bin/com/hlj/xml/testForxml.xml
2017-08-31 15:28:47[][main] DEBUG [freemarker.cache] Could not find template in cache, creating new one; id=[testForxml.xml[zh_CN,utf-8,parsed] ]
2017-08-31 15:28:47[][main] DEBUG [freemarker.cache] Compiling FreeMarker template testForxml.xml[zh_CN,utf-8,parsed]  from file:/E:/workspace/JavaWorkspace/CompanyOffer/bin/com/hlj/xml/testForxml.xml
2017-08-31 15:33:07[][main] DEBUG [freemarker.cache] Could not find template in cache, creating new one; id=[testForxml.xml[zh_CN,utf-8,parsed] ]
2017-08-31 15:33:07[][main] DEBUG [freemarker.cache] Compiling FreeMarker template testForxml.xml[zh_CN,utf-8,parsed]  from file:/E:/workspace/JavaWorkspace/CompanyOffer/bin/com/hlj/xml/testForxml.xml
2017-08-31 15:33:14[][main] DEBUG [freemarker.cache] Could not find template in cache, creating new one; id=[testForxml.xml[zh_CN,GBK,parsed] ]
2017-08-31 15:33:14[][main] DEBUG [freemarker.cache] Compiling FreeMarker template testForxml.xml[zh_CN,GBK,parsed]  from file:/E:/workspace/JavaWorkspace/CompanyOffer/bin/com/hlj/xml/testForxml.xml
2017-08-31 15:35:37[][main] DEBUG [freemarker.cache] Could not find template in cache, creating new one; id=[testForxml.xml[zh_CN,GBK,parsed] ]
2017-08-31 15:35:37[][main] DEBUG [freemarker.cache] Compiling FreeMarker template testForxml.xml[zh_CN,GBK,parsed]  from file:/E:/workspace/JavaWorkspace/CompanyOffer/bin/com/hlj/xml/testForxml.xml
2017-08-31 15:35:52[][main] DEBUG [freemarker.cache] Could not find template in cache, creating new one; id=[testForxml.xml[zh_CN,GBK,parsed] ]
2017-08-31 15:35:52[][main] DEBUG [freemarker.cache] Compiling FreeMarker template testForxml.xml[zh_CN,GBK,parsed]  from file:/E:/workspace/JavaWorkspace/CompanyOffer/bin/com/hlj/xml/testForxml.xml
2017-08-31 15:36:32[][main] DEBUG [freemarker.cache] Could not find template in cache, creating new one; id=[testForxml.xml[zh_CN,GBK,parsed] ]
2017-08-31 15:36:32[][main] DEBUG [freemarker.cache] Compiling FreeMarker template testForxml.xml[zh_CN,GBK,parsed]  from file:/E:/workspace/JavaWorkspace/CompanyOffer/bin/com/hlj/xml/testForxml.xml
2017-08-31 15:36:59[][main] DEBUG [freemarker.cache] Could not find template in cache, creating new one; id=[testForxml.xml[zh_CN,GBK,parsed] ]
2017-08-31 15:36:59[][main] DEBUG [freemarker.cache] Compiling FreeMarker template testForxml.xml[zh_CN,GBK,parsed]  from file:/E:/workspace/JavaWorkspace/CompanyOffer/bin/com/hlj/xml/testForxml.xml
2017-08-31 15:37:49[][main] DEBUG [freemarker.cache] Could not find template in cache, creating new one; id=[testForxml.xml[zh_CN,GBK,parsed] ]
2017-08-31 15:37:49[][main] DEBUG [freemarker.cache] Compiling FreeMarker template testForxml.xml[zh_CN,GBK,parsed]  from file:/E:/workspace/JavaWorkspace/CompanyOffer/bin/com/hlj/xml/testForxml.xml
2017-08-31 15:38:19[][main] DEBUG [freemarker.cache] Could not find template in cache, creating new one; id=[testForxml.vm[zh_CN,GBK,parsed] ]
2017-08-31 15:38:19[][main] DEBUG [freemarker.cache] Compiling FreeMarker template testForxml.vm[zh_CN,GBK,parsed]  from file:/E:/workspace/JavaWorkspace/CompanyOffer/bin/com/hlj/xml/testForxml.vm
2017-08-31 15:38:55[][main] DEBUG [freemarker.cache] Could not find template in cache, creating new one; id=[testForxml.vm[zh_CN,GBK,parsed] ]
2017-08-31 15:38:55[][main] DEBUG [freemarker.cache] Compiling FreeMarker template testForxml.vm[zh_CN,GBK,parsed]  from file:/E:/workspace/JavaWorkspace/CompanyOffer/bin/com/hlj/xml/testForxml.vm
2017-08-31 15:40:53[][main] DEBUG [freemarker.cache] Could not find template in cache, creating new one; id=[testForxml.vm[zh_CN,GBK,parsed] ]
2017-08-31 15:40:53[][main] DEBUG [freemarker.cache] Compiling FreeMarker template testForxml.vm[zh_CN,GBK,parsed]  from file:/E:/workspace/JavaWorkspace/CompanyOffer/bin/com/hlj/xml/testForxml.vm
2017-08-31 15:42:34[][main] DEBUG [freemarker.cache] Could not find template in cache, creating new one; id=[testForxml.vm[zh_CN,GBK,parsed] ]
2017-08-31 15:42:34[][main] DEBUG [freemarker.cache] Compiling FreeMarker template testForxml.vm[zh_CN,GBK,parsed]  from file:/E:/workspace/JavaWorkspace/CompanyOffer/bin/com/hlj/xml/testForxml.vm
2017-08-31 15:50:31[][main] DEBUG [freemarker.cache] Could not find template in cache, creating new one; id=[testForxml.vm[zh_CN,GBK,parsed] ]
2017-08-31 15:50:31[][main] DEBUG [freemarker.cache] Compiling FreeMarker template testForxml.vm[zh_CN,GBK,parsed]  from E:\workspace\JavaWorkspace\CompanyOffer\bin\com\hlj\xml\testForxml.vm
2017-08-31 15:53:45[][main] DEBUG [freemarker.cache] Could not find template in cache, creating new one; id=[testForxml.vm[zh_CN,GBK,parsed] ]
2017-08-31 15:53:45[][main] DEBUG [freemarker.cache] Compiling FreeMarker template testForxml.vm[zh_CN,GBK,parsed]  from E:\workspace\JavaWorkspace\CompanyOffer\bin\com\hlj\xml\testForxml.vm
2017-08-31 15:53:51[][main] DEBUG [freemarker.cache] Could not find template in cache, creating new one; id=[testForxml.vm[zh_CN,GBK,parsed] ]
2017-08-31 15:53:51[][main] DEBUG [freemarker.cache] Compiling FreeMarker template testForxml.vm[zh_CN,GBK,parsed]  from E:\workspace\JavaWorkspace\CompanyOffer\bin\com\hlj\xml\testForxml.vm
2017-08-31 15:56:33[][main] DEBUG [freemarker.cache] Could not find template in cache, creating new one; id=[CreateXmlByVmFile.vm[zh_CN,GBK,parsed] ]
2017-08-31 15:56:33[][main] DEBUG [freemarker.cache] Compiling FreeMarker template CreateXmlByVmFile.vm[zh_CN,GBK,parsed]  from E:\workspace\JavaWorkspace\CompanyOffer\bin\com\hlj\xml\CreateXmlByVmFile.vm
2017-08-31 16:04:49[][main] DEBUG [freemarker.cache] Could not find template in cache, creating new one; id=[CreateXmlByVmFile.vm[zh_CN,UTF-8,parsed] ]
2017-08-31 16:04:49[][main] DEBUG [freemarker.cache] Compiling FreeMarker template CreateXmlByVmFile.vm[zh_CN,UTF-8,parsed]  from E:\workspace\JavaWorkspace\CompanyOffer\bin\com\hlj\xml\CreateXmlByVmFile.vm
2017-09-01 10:02:59[][main] DEBUG [freemarker.cache] Could not find template in cache, creating new one; id=[CreateXmlByVmFile.vm[zh_CN,UTF-8,parsed] ]
2017-09-01 10:02:59[][main] DEBUG [freemarker.cache] Compiling FreeMarker template CreateXmlByVmFile.vm[zh_CN,UTF-8,parsed]  from file:/E:/workspace/JavaWorkspace/CompanyOffer/bin/com/hlj/xml/CreateXmlByVmFile.vm
2017-09-01 12:14:00[][main] DEBUG [freemarker.cache] Could not find template in cache, creating new one; id=[CreateXmlByVmFile.vm[zh_CN,UTF-8,parsed] ]
2017-09-01 12:14:00[][main] DEBUG [freemarker.cache] Compiling FreeMarker template CreateXmlByVmFile.vm[zh_CN,UTF-8,parsed]  from file:/E:/workspace/JavaWorkspace/CompanyOffer/bin/com/hlj/xml/CreateXmlByVmFile.vm
2017-09-01 12:14:59[][main] DEBUG [freemarker.cache] Could not find template in cache, creating new one; id=[CreateXmlByVmFile.vm[zh_CN,UTF-8,parsed] ]
2017-09-01 12:14:59[][main] DEBUG [freemarker.cache] Compiling FreeMarker template CreateXmlByVmFile.vm[zh_CN,UTF-8,parsed]  from file:/E:/workspace/JavaWorkspace/CompanyOffer/bin/com/hlj/xml/CreateXmlByVmFile.vm
2017-09-01 12:26:44[][main] DEBUG [freemarker.cache] Could not find template in cache, creating new one; id=[E:/workspace/JavaWorkspace/CompanyOffer/bin/com/hlj/xml/CreateXmlByVmFile.vm[zh_CN,UTF-8,parsed] ]
2017-09-01 12:27:06[][main] DEBUG [freemarker.cache] Could not find template in cache, creating new one; id=[CreateXmlByVmFile.vm[zh_CN,UTF-8,parsed] ]
2017-09-01 12:27:06[][main] DEBUG [freemarker.cache] Compiling FreeMarker template CreateXmlByVmFile.vm[zh_CN,UTF-8,parsed]  from E:\workspace\JavaWorkspace\CompanyOffer\bin\com\hlj\xml\CreateXmlByVmFile.vm
2017-09-01 12:27:34[][main] DEBUG [freemarker.cache] Could not find template in cache, creating new one; id=[CreateXmlByVmFile.vm[zh_CN,UTF-8,parsed] ]
2017-09-01 12:27:34[][main] DEBUG [freemarker.cache] Compiling FreeMarker template CreateXmlByVmFile.vm[zh_CN,UTF-8,parsed]  from E:\workspace\JavaWorkspace\CompanyOffer\bin\com\hlj\xml\CreateXmlByVmFile.vm
2017-09-01 12:30:18[][main] DEBUG [freemarker.cache] Could not find template in cache, creating new one; id=[CreateXmlByVmFile.vm[zh_CN,UTF-8,parsed] ]
2017-09-01 12:30:18[][main] DEBUG [freemarker.cache] Compiling FreeMarker template CreateXmlByVmFile.vm[zh_CN,UTF-8,parsed]  from E:\workspace\JavaWorkspace\CompanyOffer\bin\com\hlj\xml\CreateXmlByVmFile.vm
2017-10-13 14:31:52[][main] INFO [com.hlj.xml.XmlEntry] {classPersonNum=classPersonNum, name=name, peoples=persons, xuexiao=school, persons=persons, banji=class, sex=sex, salary=salary, age=age, people=person}
2017-10-13 14:31:53[][main] INFO [com.hlj.xml.XmlEntry] 2
2017-10-13 14:31:53[][main] INFO [com.hlj.xml.XmlEntry] ’≈”ÓΩ˙
2017-10-13 14:31:53[][main] INFO [com.hlj.xml.XmlEntry] 23
2017-10-13 14:31:53[][main] INFO [com.hlj.xml.XmlEntry] 4992.2
2017-10-13 14:31:53[][main] INFO [com.hlj.xml.XmlEntry] 54
2017-10-13 14:36:18[][main] DEBUG [freemarker.cache] Could not find template in cache, creating new one; id=[CreateXmlByVmFile.vm[zh_CN,UTF-8,parsed] ]
2017-10-13 14:36:18[][main] DEBUG [freemarker.cache] Compiling FreeMarker template CreateXmlByVmFile.vm[zh_CN,UTF-8,parsed]  from E:\workspace\JavaWorkspace\CompanyOffer\bin\com\hlj\xml\CreateXmlByVmFile.vm
2017-10-13 14:36:34[][main] DEBUG [freemarker.cache] Could not find template in cache, creating new one; id=[CreateXmlByVmFile.vm[zh_CN,UTF-8,parsed] ]
2017-10-13 14:36:34[][main] DEBUG [freemarker.cache] Compiling FreeMarker template CreateXmlByVmFile.vm[zh_CN,UTF-8,parsed]  from E:\workspace\JavaWorkspace\CompanyOffer\bin\com\hlj\xml\CreateXmlByVmFile.vm
2017-10-13 14:36:53[][main] DEBUG [freemarker.cache] Could not find template in cache, creating new one; id=[CreateXmlByVmFile.vm[zh_CN,UTF-8,parsed] ]
2017-10-13 14:36:53[][main] DEBUG [freemarker.cache] Compiling FreeMarker template CreateXmlByVmFile.vm[zh_CN,UTF-8,parsed]  from E:\workspace\JavaWorkspace\CompanyOffer\bin\com\hlj\xml\CreateXmlByVmFile.vm
2017-10-13 14:37:04[][main] DEBUG [freemarker.cache] Could not find template in cache, creating new one; id=[CreateXmlByVmFile.vm[zh_CN,UTF-8,parsed] ]
2017-10-13 14:37:04[][main] DEBUG [freemarker.cache] Compiling FreeMarker template CreateXmlByVmFile.vm[zh_CN,UTF-8,parsed]  from E:\workspace\JavaWorkspace\CompanyOffer\bin\com\hlj\xml\CreateXmlByVmFile.vm
2017-10-13 14:37:17[][main] DEBUG [freemarker.cache] Could not find template in cache, creating new one; id=[CreateXmlByVmFile.vm[zh_CN,UTF-8,parsed] ]
2017-10-13 14:37:17[][main] DEBUG [freemarker.cache] Compiling FreeMarker template CreateXmlByVmFile.vm[zh_CN,UTF-8,parsed]  from E:\workspace\JavaWorkspace\CompanyOffer\bin\com\hlj\xml\CreateXmlByVmFile.vm
2017-10-13 14:39:16[][main] DEBUG [freemarker.cache] Could not find template in cache, creating new one; id=[CreateXmlByVmFile.vm[zh_CN,UTF-8,parsed] ]
2017-10-13 14:39:16[][main] DEBUG [freemarker.cache] Compiling FreeMarker template CreateXmlByVmFile.vm[zh_CN,UTF-8,parsed]  from E:\workspace\JavaWorkspace\CompanyOffer\bin\com\hlj\xml\CreateXmlByVmFile.vm
2017-10-13 14:39:37[][main] DEBUG [freemarker.cache] Could not find template in cache, creating new one; id=[CreateXmlByVmFile.vm[zh_CN,UTF-8,parsed] ]
2017-10-13 14:39:37[][main] DEBUG [freemarker.cache] Compiling FreeMarker template CreateXmlByVmFile.vm[zh_CN,UTF-8,parsed]  from E:\workspace\JavaWorkspace\CompanyOffer\bin\com\hlj\xml\CreateXmlByVmFile.vm
2017-10-13 14:39:42[][main] DEBUG [freemarker.cache] Could not find template in cache, creating new one; id=[CreateXmlByVmFile.vm[zh_CN,UTF-8,parsed] ]
2017-10-13 14:39:42[][main] DEBUG [freemarker.cache] Compiling FreeMarker template CreateXmlByVmFile.vm[zh_CN,UTF-8,parsed]  from E:\workspace\JavaWorkspace\CompanyOffer\bin\com\hlj\xml\CreateXmlByVmFile.vm
2017-10-13 14:39:50[][main] DEBUG [freemarker.cache] Could not find template in cache, creating new one; id=[CreateXmlByVmFile.vm[zh_CN,UTF-8,parsed] ]
2017-10-13 14:39:50[][main] DEBUG [freemarker.cache] Compiling FreeMarker template CreateXmlByVmFile.vm[zh_CN,UTF-8,parsed]  from E:\workspace\JavaWorkspace\CompanyOffer\bin\com\hlj\xml\CreateXmlByVmFile.vm
